  func.c
C:\Users\ochoa\OneDrive\Desktop\Database\Database\func.h(5,1): warning C4005:  '_CRT_SECURE_NO_WARNINGS': redefinición de macro
C:\Users\ochoa\OneDrive\Desktop\Database\Database\func.h(5,1): warning C4005: C:\Users\ochoa\OneDrive\Desktop\Database\Database\func.c: note: vea la definición anterior de '_CRT_SECURE_NO_WARNINGS'
C:\Users\ochoa\OneDrive\Desktop\Database\Database\func.c(25,10): warning C4473:  "scanf_s": no se pasaron suficientes argumentos para la cadena de formato
C:\Users\ochoa\OneDrive\Desktop\Database\Database\func.c(25,10): message :  los marcadores de posición y sus parámetros esperan 2 argumentos variádicos, pero se proporcionaron 1
C:\Users\ochoa\OneDrive\Desktop\Database\Database\func.c(25,10): message :  el argumento variádico 2 que falta es requerido por la cadena de formato '%c'
C:\Users\ochoa\OneDrive\Desktop\Database\Database\func.c(25,10): message :  este argumento se utiliza como un tamaño de búfer
C:\Users\ochoa\OneDrive\Desktop\Database\Database\func.c(104,1): warning C4047:  'inicializando': 'int' es distinto en los niveles de direccionamiento indirecto de 'void *'
C:\Users\ochoa\OneDrive\Desktop\Database\Database\func.c(157,1): warning C4047:  'inicializando': 'int' es distinto en los niveles de direccionamiento indirecto de 'void *'
C:\Users\ochoa\OneDrive\Desktop\Database\Database\func.c(220,1): warning C4047:  'inicializando': 'int' es distinto en los niveles de direccionamiento indirecto de 'void *'
C:\Users\ochoa\OneDrive\Desktop\Database\Database\func.c(312,7): warning C4013:  'gets' sin definir; se supone que extern devuelve como resultado int
C:\Users\ochoa\OneDrive\Desktop\Database\Database\func.c(462,10): warning C4473:  "printf": no se pasaron suficientes argumentos para la cadena de formato
C:\Users\ochoa\OneDrive\Desktop\Database\Database\func.c(462,10): message :  los marcadores de posición y sus parámetros esperan 1 argumentos variádicos, pero se proporcionaron 0
C:\Users\ochoa\OneDrive\Desktop\Database\Database\func.c(462,10): message :  el argumento variádico 1 que falta es requerido por la cadena de formato '%c'
  Generando código
  3 of 23 functions (13.0%) were compiled, the rest were copied from previous compilation.
    0 functions were new in current compilation
    0 functions had inline decision re-evaluated but remain unchanged
  Generación de código finalizada
  Database.vcxproj -> C:\Users\ochoa\OneDrive\Desktop\Database\Database\Release\Database.exe
